<?xml version="1.0" encoding="UTF-8"?>
<!-- Generated by org.testng.reporters.JUnitXMLReporter -->
<testsuite ignored="0" hostname="LAPTOP-INOVJLH7" failures="1" tests="2" name="MeisterWerk App Test Cases" time="59.695" errors="0" timestamp="2022-10-09T01:39:33 EET">
  <testcase classname="ms.app.qa.tests.JobStatusAndDescriptionTest" name="JobDescriptionUpdateTest" time="7.149">
    <failure type="java.lang.AssertionError" message="The following asserts failed:
	expected [This is my New Descriptions!] but found [Description]">
      <![CDATA[java.lang.AssertionError: The following asserts failed:
expected [This is my New Descriptions!] but found [Description]
at ms.app.qa.tests.JobStatusAndDescriptionTest.JobDescriptionUpdateTest(JobStatusAndDescriptionTest.java:113)
at java.base/java.util.ArrayList.forEach(ArrayList.java:1541)
... Removed 29 stack frames]]>
    </failure>
  </testcase> <!-- JobDescriptionUpdateTest -->
  <testcase classname="ms.app.qa.tests.JobStatusAndDescriptionTest" name="JobStatusUpdateTest" time="15.709"/>
</testsuite> <!-- MeisterWerk App Test Cases -->
