<?xml version="1.0" encoding="UTF-8"?>
<testng-results ignored="0" total="2" passed="1" failed="1" skipped="0">
  <reporter-output>
  </reporter-output>
  <suite started-at="2022-10-09T01:38:33 EET" name="MeisterWerk App Test Suite" finished-at="2022-10-09T01:39:33 EET" duration-ms="59695">
    <groups>
      <group name="Jobs Description">
        <method signature="JobStatusAndDescriptionTest.JobDescriptionUpdateTest()[pri:1, instance:ms.app.qa.tests.JobStatusAndDescriptionTest@a530d0a]" name="JobDescriptionUpdateTest" class="ms.app.qa.tests.JobStatusAndDescriptionTest"/>
      </group> <!-- Jobs Description -->
      <group name="E2E">
        <method signature="JobStatusAndDescriptionTest.JobDescriptionUpdateTest()[pri:1, instance:ms.app.qa.tests.JobStatusAndDescriptionTest@a530d0a]" name="JobDescriptionUpdateTest" class="ms.app.qa.tests.JobStatusAndDescriptionTest"/>
        <method signature="JobStatusAndDescriptionTest.JobStatusUpdateTest()[pri:1, instance:ms.app.qa.tests.JobStatusAndDescriptionTest@a530d0a]" name="JobStatusUpdateTest" class="ms.app.qa.tests.JobStatusAndDescriptionTest"/>
      </group> <!-- E2E -->
      <group name="Jobs Status">
        <method signature="JobStatusAndDescriptionTest.JobStatusUpdateTest()[pri:1, instance:ms.app.qa.tests.JobStatusAndDescriptionTest@a530d0a]" name="JobStatusUpdateTest" class="ms.app.qa.tests.JobStatusAndDescriptionTest"/>
      </group> <!-- Jobs Status -->
      <group name="F1">
        <method signature="JobStatusAndDescriptionTest.JobDescriptionUpdateTest()[pri:1, instance:ms.app.qa.tests.JobStatusAndDescriptionTest@a530d0a]" name="JobDescriptionUpdateTest" class="ms.app.qa.tests.JobStatusAndDescriptionTest"/>
        <method signature="JobStatusAndDescriptionTest.JobStatusUpdateTest()[pri:1, instance:ms.app.qa.tests.JobStatusAndDescriptionTest@a530d0a]" name="JobStatusUpdateTest" class="ms.app.qa.tests.JobStatusAndDescriptionTest"/>
      </group> <!-- F1 -->
    </groups>
    <test started-at="2022-10-09T01:38:33 EET" name="MeisterWerk App Test Cases" finished-at="2022-10-09T01:39:33 EET" duration-ms="59695">
      <class name="ms.app.qa.tests.JobStatusAndDescriptionTest">
        <test-method is-config="true" signature="SetUp()[pri:0, instance:ms.app.qa.tests.JobStatusAndDescriptionTest@a530d0a]" started-at="2022-10-09T01:38:33 EET" name="SetUp" finished-at="2022-10-09T01:38:46 EET" duration-ms="13020" status="PASS">
          <reporter-output>
          </reporter-output>
        </test-method> <!-- SetUp -->
        <test-method signature="JobDescriptionUpdateTest()[pri:1, instance:ms.app.qa.tests.JobStatusAndDescriptionTest@a530d0a]" started-at="2022-10-09T01:38:46 EET" name="JobDescriptionUpdateTest" description="Verifying the ability to change Description of Jobs" finished-at="2022-10-09T01:38:53 EET" duration-ms="7149" status="FAIL">
          <exception class="java.lang.AssertionError">
            <message>
              <![CDATA[The following asserts failed:
expected [This is my New Descriptions!] but found [Description]]]>
            </message>
            <full-stacktrace>
              <![CDATA[java.lang.AssertionError: The following asserts failed:
expected [This is my New Descriptions!] but found [Description]
at org.testng.asserts.SoftAssert.assertAll(SoftAssert.java:46)
at org.testng.asserts.SoftAssert.assertAll(SoftAssert.java:30)
at ms.app.qa.tests.JobStatusAndDescriptionTest.JobDescriptionUpdateTest(JobStatusAndDescriptionTest.java:113)
at java.base/jdk.internal.reflect.NativeMethodAccessorImpl.invoke0(Native Method)
at java.base/jdk.internal.reflect.NativeMethodAccessorImpl.invoke(NativeMethodAccessorImpl.java:62)
at java.base/jdk.internal.reflect.DelegatingMethodAccessorImpl.invoke(DelegatingMethodAccessorImpl.java:43)
at java.base/java.lang.reflect.Method.invoke(Method.java:566)
at org.testng.internal.invokers.MethodInvocationHelper.invokeMethod(MethodInvocationHelper.java:135)
at org.testng.internal.invokers.TestInvoker.invokeMethod(TestInvoker.java:673)
at org.testng.internal.invokers.TestInvoker.invokeTestMethod(TestInvoker.java:220)
at org.testng.internal.invokers.MethodRunner.runInSequence(MethodRunner.java:50)
at org.testng.internal.invokers.TestInvoker$MethodInvocationAgent.invoke(TestInvoker.java:945)
at org.testng.internal.invokers.TestInvoker.invokeTestMethods(TestInvoker.java:193)
at org.testng.internal.invokers.TestMethodWorker.invokeTestMethods(TestMethodWorker.java:146)
at org.testng.internal.invokers.TestMethodWorker.run(TestMethodWorker.java:128)
at java.base/java.util.ArrayList.forEach(ArrayList.java:1541)
at org.testng.TestRunner.privateRun(TestRunner.java:808)
at org.testng.TestRunner.run(TestRunner.java:603)
at org.testng.SuiteRunner.runTest(SuiteRunner.java:429)
at org.testng.SuiteRunner.runSequentially(SuiteRunner.java:423)
at org.testng.SuiteRunner.privateRun(SuiteRunner.java:383)
at org.testng.SuiteRunner.run(SuiteRunner.java:326)
at org.testng.SuiteRunnerWorker.runSuite(SuiteRunnerWorker.java:52)
at org.testng.SuiteRunnerWorker.run(SuiteRunnerWorker.java:95)
at org.testng.TestNG.runSuitesSequentially(TestNG.java:1249)
at org.testng.TestNG.runSuitesLocally(TestNG.java:1169)
at org.testng.TestNG.runSuites(TestNG.java:1092)
at org.testng.TestNG.run(TestNG.java:1060)
at org.testng.remote.AbstractRemoteTestNG.run(AbstractRemoteTestNG.java:115)
at org.testng.remote.RemoteTestNG.initAndRun(RemoteTestNG.java:251)
at org.testng.remote.RemoteTestNG.main(RemoteTestNG.java:77)
]]>
            </full-stacktrace>
          </exception> <!-- java.lang.AssertionError -->
          <reporter-output>
          </reporter-output>
        </test-method> <!-- JobDescriptionUpdateTest -->
        <test-method is-config="true" signature="tearDown()[pri:0, instance:ms.app.qa.tests.JobStatusAndDescriptionTest@a530d0a]" started-at="2022-10-09T01:38:53 EET" name="tearDown" finished-at="2022-10-09T01:39:00 EET" duration-ms="6788" status="PASS">
          <reporter-output>
          </reporter-output>
        </test-method> <!-- tearDown -->
        <test-method is-config="true" signature="SetUp()[pri:0, instance:ms.app.qa.tests.JobStatusAndDescriptionTest@a530d0a]" started-at="2022-10-09T01:39:00 EET" name="SetUp" finished-at="2022-10-09T01:39:10 EET" duration-ms="10184" status="PASS">
          <reporter-output>
          </reporter-output>
        </test-method> <!-- SetUp -->
        <test-method signature="JobStatusUpdateTest()[pri:1, instance:ms.app.qa.tests.JobStatusAndDescriptionTest@a530d0a]" started-at="2022-10-09T01:39:10 EET" name="JobStatusUpdateTest" description="Verifying the ability to change Status of Jobs" finished-at="2022-10-09T01:39:26 EET" duration-ms="15709" status="PASS">
          <reporter-output>
          </reporter-output>
        </test-method> <!-- JobStatusUpdateTest -->
        <test-method is-config="true" signature="tearDown()[pri:0, instance:ms.app.qa.tests.JobStatusAndDescriptionTest@a530d0a]" started-at="2022-10-09T01:39:26 EET" name="tearDown" finished-at="2022-10-09T01:39:33 EET" duration-ms="6791" status="PASS">
          <reporter-output>
          </reporter-output>
        </test-method> <!-- tearDown -->
      </class> <!-- ms.app.qa.tests.JobStatusAndDescriptionTest -->
    </test> <!-- MeisterWerk App Test Cases -->
  </suite> <!-- MeisterWerk App Test Suite -->
</testng-results>
